2024-12-17 17:10:49 Loading main app package /usr/lib/obsidian/obsidian.asar
2024-12-17 17:10:49 Checking for update using Github
2024-12-17 17:10:50 Success.
2024-12-17 17:10:50 Latest version is 1.7.7
2024-12-17 17:10:50 App is up to date.
2024-12-17 17:23:39 Loading main app package /usr/lib/obsidian/obsidian.asar
2024-12-17 17:23:40 Checking for update using Github
2024-12-17 17:23:40 Success.
2024-12-17 17:23:40 Latest version is 1.7.7
2024-12-17 17:23:40 App is up to date.
2024-12-17 17:27:26 Loading main app package /usr/lib/obsidian/obsidian.asar
2024-12-17 17:27:26 Checking for update using Github
2024-12-17 17:27:26 Success.
2024-12-17 17:27:26 Latest version is 1.7.7
2024-12-17 17:27:26 App is up to date.
2024-12-17 17:27:39 Loading main app package /usr/lib/obsidian/obsidian.asar
2024-12-17 17:27:39 Checking for update using Github
2024-12-17 17:27:39 Success.
2024-12-17 17:27:39 Latest version is 1.7.7
2024-12-17 17:27:39 App is up to date.
2024-12-17 17:36:34 Loading main app package /usr/lib/obsidian/obsidian.asar
2024-12-17 17:36:34 Checking for update using Github
2024-12-17 17:36:34 Success.
2024-12-17 17:36:34 Latest version is 1.7.7
2024-12-17 17:36:34 App is up to date.
2024-12-17 17:42:23 Loading main app package /usr/lib/obsidian/obsidian.asar
2024-12-17 17:42:23 Checking for update using Github
2024-12-17 17:42:23 Success.
2024-12-17 17:42:23 Latest version is 1.7.7
2024-12-17 17:42:23 App is up to date.
2024-12-17 17:43:37 Loading main app package /usr/lib/obsidian/obsidian.asar
2024-12-17 17:43:38 Checking for update using Github
2024-12-17 17:43:38 Success.
2024-12-17 17:43:38 Latest version is 1.7.7
2024-12-17 17:43:38 App is up to date.
2024-12-17 17:56:20 Loading main app package /usr/lib/obsidian/obsidian.asar
2024-12-17 17:56:21 Checking for update using Github
2024-12-17 17:56:21 Success.
2024-12-17 17:56:21 Latest version is 1.7.7
2024-12-17 17:56:21 App is up to date.
2024-12-17 18:03:26 Loading main app package /usr/lib/obsidian/obsidian.asar
2024-12-17 18:03:26 Checking for update using Github
2024-12-17 18:03:26 Success.
2024-12-17 18:03:26 Latest version is 1.7.7
2024-12-17 18:03:26 App is up to date.
2024-12-17 18:08:02 Loading main app package /usr/lib/obsidian/obsidian.asar
2024-12-17 18:08:03 Checking for update using Github
2024-12-17 18:08:03 Success.
2024-12-17 18:08:03 Latest version is 1.7.7
2024-12-17 18:08:03 App is up to date.
2024-12-18 11:01:40 Loading main app package /usr/lib/obsidian/obsidian.asar
2024-12-18 11:01:40 Checking for update using Github
2024-12-18 11:02:00 Failed to check for update using Github (net::ERR_NAME_NOT_RESOLVED)
2024-12-18 11:02:00 Checking for update using obsidian.md
2024-12-18 11:02:15 Failed to check for update using obsidian.md (net::ERR_NAME_NOT_RESOLVED)
2024-12-18 11:05:18 Loading main app package /usr/lib/obsidian/obsidian.asar
2024-12-18 11:05:18 Checking for update using Github
2024-12-18 11:05:18 Success.
2024-12-18 11:05:18 Latest version is 1.7.7
2024-12-18 11:05:18 App is up to date.
2024-12-18 11:33:08 Loading main app package /usr/lib/obsidian/obsidian.asar
2024-12-18 11:33:09 Checking for update using Github
2024-12-18 11:33:09 Success.
2024-12-18 11:33:09 Latest version is 1.7.7
2024-12-18 11:33:09 App is up to date.
2024-12-18 12:12:01 Loading main app package /usr/lib/obsidian/obsidian.asar
2024-12-18 12:12:02 Checking for update using Github
2024-12-18 12:12:02 Success.
2024-12-18 12:12:02 Latest version is 1.7.7
2024-12-18 12:12:02 App is up to date.
2024-12-18 12:56:43 Loading main app package /usr/lib/obsidian/obsidian.asar
2024-12-18 12:56:44 Checking for update using Github
2024-12-18 12:56:44 Success.
2024-12-18 12:56:44 Latest version is 1.7.7
2024-12-18 12:56:44 App is up to date.
2024-12-18 13:06:08 Loading main app package /usr/lib/obsidian/obsidian.asar
2024-12-18 13:06:09 Checking for update using Github
2024-12-18 13:06:09 Success.
2024-12-18 13:06:09 Latest version is 1.7.7
2024-12-18 13:06:09 App is up to date.
2024-12-18 13:09:47 Loading main app package /usr/lib/obsidian/obsidian.asar
2024-12-18 13:09:48 Checking for update using Github
2024-12-18 13:15:41 Loading main app package /usr/lib/obsidian/obsidian.asar
2024-12-18 13:15:41 Checking for update using Github
2024-12-18 13:15:41 Success.
2024-12-18 13:15:41 Latest version is 1.7.7
2024-12-18 13:15:41 App is up to date.
2024-12-18 13:24:44 Loading main app package /usr/lib/obsidian/obsidian.asar
2024-12-18 13:24:44 Checking for update using Github
2024-12-18 13:24:44 Success.
2024-12-18 13:24:44 Latest version is 1.7.7
2024-12-18 13:24:44 App is up to date.
2024-12-18 16:49:23 Loading main app package /usr/lib/obsidian/obsidian.asar
2024-12-18 16:49:23 Checking for update using Github
2024-12-18 16:49:33 Failed to check for update using Github (net::ERR_NAME_NOT_RESOLVED)
2024-12-18 16:49:33 Checking for update using obsidian.md
2024-12-18 16:49:44 Failed to check for update using obsidian.md (net::ERR_NAME_NOT_RESOLVED)
2024-12-18 17:00:01 Loading main app package /usr/lib/obsidian/obsidian.asar
2024-12-18 17:00:01 Checking for update using Github
2024-12-18 17:00:11 Failed to check for update using Github (net::ERR_NAME_NOT_RESOLVED)
2024-12-18 17:00:11 Checking for update using obsidian.md
2024-12-18 17:00:16 Failed to check for update using obsidian.md (net::ERR_NAME_NOT_RESOLVED)
2024-12-21 11:39:51 Loading main app package /usr/lib/obsidian/obsidian.asar
2024-12-21 11:39:52 Checking for update using Github
2024-12-21 11:39:52 Success.
2024-12-21 11:39:52 Latest version is 1.7.7
2024-12-21 11:39:52 App is up to date.
2024-12-22 10:26:45 Loading main app package /usr/lib/obsidian/obsidian.asar
2024-12-22 10:26:46 Checking for update using Github
2024-12-22 10:26:46 Success.
2024-12-22 10:26:46 Latest version is 1.7.7
2024-12-22 10:26:46 App is up to date.
2024-12-31 10:22:41 Loading main app package /usr/lib/obsidian/obsidian.asar
2024-12-31 10:22:41 Checking for update using Github
2024-12-31 10:22:41 Success.
2024-12-31 10:22:41 Latest version is 1.7.7
2024-12-31 10:22:41 App is up to date.
